<?xml version="1.0" encoding="UTF-8"?>
<testng-results skipped="0" failed="1" ignored="0" total="1" passed="0">
  <reporter-output>
  </reporter-output>
  <suite name="Android" duration-ms="16902" started-at="2020-12-10T20:06:02 IST" finished-at="2020-12-10T20:06:19 IST">
    <groups>
    </groups>
    <test name="Android_SampleTest" duration-ms="16902" started-at="2020-12-10T20:06:02 IST" finished-at="2020-12-10T20:06:19 IST">
      <class name="com.zee5.ApplicasterScripts.Android_SampleTest">
        <test-method status="PASS" signature="init()[pri:0, instance:com.zee5.ApplicasterScripts.Android_SampleTest@4d910fd6]" name="init" is-config="true" duration-ms="9206" started-at="2020-12-10T20:06:08 IST" finished-at="2020-12-10T20:06:17 IST">
          <reporter-output>
          </reporter-output>
        </test-method> <!-- init -->
        <test-method status="FAIL" signature="AndroidAppMixPanelLogin(java.lang.String)[pri:1, instance:com.zee5.ApplicasterScripts.Android_SampleTest@4d910fd6]" name="AndroidAppMixPanelLogin" duration-ms="13" started-at="2020-12-10T20:06:17 IST" finished-at="2020-12-10T20:06:17 IST">
          <params>
            <param index="0">
              <value>
                <![CDATA[Guest]]>
              </value>
            </param>
          </params>
          <exception class="java.lang.AssertionError">
            <message>
              <![CDATA[Launch time fail expected [true] but found [false]]]>
            </message>
            <full-stacktrace>
              <![CDATA[java.lang.AssertionError: Launch time fail expected [true] but found [false]
at org.testng.Assert.fail(Assert.java:99)
at org.testng.Assert.failNotEquals(Assert.java:1037)
at org.testng.Assert.assertTrue(Assert.java:45)
at com.utility.Utilities.verifyInvokationTime(Utilities.java:243)
at com.business.zee.Zee5ApplicasterBusinessLogic.verifyAppLaunchTime(Zee5ApplicasterBusinessLogic.java:200)
at com.zee5.ApplicasterScripts.Android_SampleTest.AndroidAppMixPanelLogin(Android_SampleTest.java:25)
at sun.reflect.NativeMethodAccessorImpl.invoke0(Native Method)
at sun.reflect.NativeMethodAccessorImpl.invoke(NativeMethodAccessorImpl.java:62)
at sun.reflect.DelegatingMethodAccessorImpl.invoke(DelegatingMethodAccessorImpl.java:43)
at java.lang.reflect.Method.invoke(Method.java:498)
at org.testng.internal.MethodInvocationHelper.invokeMethod(MethodInvocationHelper.java:132)
at org.testng.internal.TestInvoker.invokeMethod(TestInvoker.java:599)
at org.testng.internal.TestInvoker.invokeTestMethod(TestInvoker.java:174)
at org.testng.internal.MethodRunner.runInSequence(MethodRunner.java:46)
at org.testng.internal.TestInvoker$MethodInvocationAgent.invoke(TestInvoker.java:822)
at org.testng.internal.TestInvoker.invokeTestMethods(TestInvoker.java:147)
at org.testng.internal.TestMethodWorker.invokeTestMethods(TestMethodWorker.java:146)
at org.testng.internal.TestMethodWorker.run(TestMethodWorker.java:128)
at java.util.ArrayList.forEach(ArrayList.java:1257)
at org.testng.TestRunner.privateRun(TestRunner.java:764)
at org.testng.TestRunner.run(TestRunner.java:585)
at org.testng.SuiteRunner.runTest(SuiteRunner.java:384)
at org.testng.SuiteRunner.runSequentially(SuiteRunner.java:378)
at org.testng.SuiteRunner.privateRun(SuiteRunner.java:337)
at org.testng.SuiteRunner.run(SuiteRunner.java:286)
at org.testng.SuiteRunnerWorker.runSuite(SuiteRunnerWorker.java:53)
at org.testng.SuiteRunnerWorker.run(SuiteRunnerWorker.java:96)
at org.testng.TestNG.runSuitesSequentially(TestNG.java:1218)
at org.testng.TestNG.runSuitesLocally(TestNG.java:1140)
at org.testng.TestNG.runSuites(TestNG.java:1069)
at org.testng.TestNG.run(TestNG.java:1037)
at org.testng.remote.AbstractRemoteTestNG.run(AbstractRemoteTestNG.java:115)
at org.testng.remote.RemoteTestNG.initAndRun(RemoteTestNG.java:251)
at org.testng.remote.RemoteTestNG.main(RemoteTestNG.java:77)
]]>
            </full-stacktrace>
          </exception> <!-- java.lang.AssertionError -->
          <reporter-output>
          </reporter-output>
        </test-method> <!-- AndroidAppMixPanelLogin -->
        <test-method status="PASS" signature="tearDownApp()[pri:0, instance:com.zee5.ApplicasterScripts.Android_SampleTest@4d910fd6]" name="tearDownApp" is-config="true" duration-ms="1266" started-at="2020-12-10T20:06:17 IST" finished-at="2020-12-10T20:06:19 IST">
          <reporter-output>
          </reporter-output>
        </test-method> <!-- tearDownApp -->
      </class> <!-- com.zee5.ApplicasterScripts.Android_SampleTest -->
    </test> <!-- Android_SampleTest -->
  </suite> <!-- Android -->
</testng-results>
